2025-11-27 12:09:48,745 - core.performance_optimizer - INFO - Numba not available, using pure Python
2025-11-27 12:10:41,903 - core.performance_optimizer - INFO - Numba not available, using pure Python
2025-11-27 12:10:41,943 - Main - INFO - Starting platform in development mode [main.py:101]
2025-11-27 12:10:41,943 - Main - INFO - Starting platform in development mode
2025-11-27 12:10:41,943 - Main - INFO - Running test suite... [main.py:203]
2025-11-27 12:10:41,943 - Main - INFO - Running test suite...
2025-11-27 12:10:41,958 - strategies.strategy_engine - INFO - ta library not available, using basic indicators
2025-11-27 12:10:41,969 - core.platform - INFO - Running in LITE MODE (SQLite, no Redis/InfluxDB)
2025-11-27 12:10:41,972 - config.settings - INFO - Configuration loaded from config/platform_config.yaml
2025-11-27 12:10:41,975 - core.platform - WARNING - DataManager initialization failed, using fallback: No module named 'sqlalchemy'
2025-11-27 12:10:41,977 - data.mt5_connector - WARNING - MetaTrader5 package not installed. Running in offline mode.
2025-11-27 12:10:41,978 - data.mt5_connector - WARNING - MT5 not available - connection manager will work in offline mode
2025-11-27 12:10:41,978 - core.platform - INFO - Trading Platform instance created
2025-11-27 12:10:41,978 - core.platform - INFO - Initializing Trading Platform...
2025-11-27 12:10:41,979 - data.mt5_connector - INFO - MT5 not available - running in offline mode
2025-11-27 12:10:41,979 - core.platform - WARNING - MT5 connection not available - running in offline mode
2025-11-27 12:10:41,979 - core.platform - INFO - Trading Platform initialized successfully
2025-11-27 12:10:41,979 - core.platform - INFO - Shutting down Trading Platform...
2025-11-27 12:10:41,979 - data.mt5_connector - INFO - MT5 disconnected
2025-11-27 12:10:41,979 - core.platform - INFO - Trading Platform shut down successfully
2025-11-27 12:10:41,979 - strategies.strategy_engine - INFO - Strategy created: TestStrategy (ma_crossover)
2025-11-27 12:10:41,993 - strategies.strategy_engine - INFO - Strategy created: BacktestStrategy (ma_crossover)
2025-11-27 12:10:41,993 - backtesting.backtest_engine - INFO - Starting backtest for BacktestStrategy
2025-11-27 12:10:42,016 - backtesting.backtest_engine - INFO - Backtest completed: -0.62% return, 7 trades
2025-11-27 12:10:42,016 - Main - ERROR - Test suite failed: [Errno 32] Broken pipe [main.py:213]
2025-11-27 12:10:42,016 - Main - ERROR - Test suite failed: [Errno 32] Broken pipe
2025-11-27 12:10:52,169 - core.performance_optimizer - INFO - Numba not available, using pure Python
2025-11-27 12:10:52,203 - Main - INFO - Starting platform in development mode [main.py:101]
2025-11-27 12:10:52,203 - Main - INFO - Starting platform in development mode
2025-11-27 12:10:52,203 - Main - INFO - Running test suite... [main.py:203]
2025-11-27 12:10:52,203 - Main - INFO - Running test suite...
2025-11-27 12:10:52,219 - strategies.strategy_engine - INFO - ta library not available, using basic indicators
2025-11-27 12:10:52,231 - core.platform - INFO - Running in LITE MODE (SQLite, no Redis/InfluxDB)
2025-11-27 12:10:52,234 - config.settings - INFO - Configuration loaded from config/platform_config.yaml
2025-11-27 12:10:52,237 - core.platform - WARNING - DataManager initialization failed, using fallback: No module named 'sqlalchemy'
2025-11-27 12:10:52,239 - data.mt5_connector - WARNING - MetaTrader5 package not installed. Running in offline mode.
2025-11-27 12:10:52,240 - data.mt5_connector - WARNING - MT5 not available - connection manager will work in offline mode
2025-11-27 12:10:52,240 - core.platform - INFO - Trading Platform instance created
2025-11-27 12:10:52,240 - core.platform - INFO - Initializing Trading Platform...
2025-11-27 12:10:52,240 - data.mt5_connector - INFO - MT5 not available - running in offline mode
2025-11-27 12:10:52,240 - core.platform - WARNING - MT5 connection not available - running in offline mode
2025-11-27 12:10:52,240 - core.platform - INFO - Trading Platform initialized successfully
2025-11-27 12:10:52,241 - core.platform - INFO - Shutting down Trading Platform...
2025-11-27 12:10:52,241 - data.mt5_connector - INFO - MT5 disconnected
2025-11-27 12:10:52,241 - core.platform - INFO - Trading Platform shut down successfully
2025-11-27 12:10:52,241 - strategies.strategy_engine - INFO - Strategy created: TestStrategy (ma_crossover)
2025-11-27 12:10:52,254 - strategies.strategy_engine - INFO - Strategy created: BacktestStrategy (ma_crossover)
2025-11-27 12:10:52,254 - backtesting.backtest_engine - INFO - Starting backtest for BacktestStrategy
2025-11-27 12:10:52,277 - backtesting.backtest_engine - INFO - Backtest completed: -0.62% return, 7 trades
2025-11-27 12:10:52,278 - strategies.strategy_engine - INFO - Strategy created: MA_Test (ma_crossover)
2025-11-27 12:10:52,286 - strategies.strategy_engine - INFO - Strategy created: RSI_Test (rsi)
2025-11-27 12:10:52,297 - strategies.strategy_engine - INFO - Strategy created: MACD_Test (macd)
2025-11-27 12:10:52,305 - strategies.strategy_engine - INFO - Strategy created: MetricsTest (ma_crossover)
2025-11-27 12:10:52,305 - backtesting.backtest_engine - INFO - Starting backtest for MetricsTest
2025-11-27 12:10:52,329 - backtesting.backtest_engine - INFO - Backtest completed: -0.20% return, 2 trades
2025-11-27 12:10:52,330 - strategies.strategy_engine - INFO - Strategy created: ErrorTest (ma_crossover)
2025-11-27 12:10:52,330 - strategies.strategy_engine - INFO - Strategy created: Test_ma_crossover (ma_crossover)
2025-11-27 12:10:52,330 - strategies.strategy_engine - INFO - Strategy created: Test_rsi (rsi)
2025-11-27 12:10:52,330 - strategies.strategy_engine - INFO - Strategy created: Test_macd (macd)
2025-11-27 12:10:52,363 - core.platform - INFO - Running in LITE MODE (SQLite, no Redis/InfluxDB)
2025-11-27 12:10:52,367 - config.settings - INFO - Configuration loaded from config/platform_config.yaml
2025-11-27 12:10:52,369 - core.platform - WARNING - DataManager initialization failed, using fallback: No module named 'sqlalchemy'
2025-11-27 12:10:52,369 - data.mt5_connector - WARNING - MT5 not available - connection manager will work in offline mode
2025-11-27 12:10:52,370 - core.platform - INFO - Trading Platform instance created
2025-11-27 12:10:52,370 - core.platform - INFO - Initializing Trading Platform...
2025-11-27 12:10:52,370 - data.mt5_connector - INFO - MT5 not available - running in offline mode
2025-11-27 12:10:52,370 - core.platform - WARNING - MT5 connection not available - running in offline mode
2025-11-27 12:10:52,370 - core.platform - INFO - Trading Platform initialized successfully
2025-11-27 12:10:52,370 - strategies.strategy_engine - INFO - Strategy created: E2E_Test (ma_crossover)
2025-11-27 12:10:52,371 - backtesting.backtest_engine - INFO - Starting backtest for E2E_Test
2025-11-27 12:10:52,382 - backtesting.backtest_engine - INFO - Backtest completed: 0.00% return, 0 trades
2025-11-27 12:10:52,383 - core.platform - INFO - Shutting down Trading Platform...
2025-11-27 12:10:52,383 - data.mt5_connector - INFO - MT5 disconnected
2025-11-27 12:10:52,383 - core.platform - INFO - Trading Platform shut down successfully
2025-11-27 12:10:52,383 - strategies.strategy_engine - INFO - Strategy created: RiskIntegration (ma_crossover)
2025-11-27 12:11:18,289 - core.performance_optimizer - INFO - Numba not available, using pure Python
2025-11-27 12:11:18,292 - strategies.strategy_engine - INFO - ta library not available, using basic indicators
2025-11-27 12:11:18,328 - optimization.genetic_optimizer - INFO - DEAP not available, using basic optimization
2025-11-27 12:11:18,329 - optimization.genetic_optimizer - INFO - Bayesian optimization not available
2025-11-27 12:11:18,341 - strategies.strategy_engine - INFO - Strategy created: QuickTest (ma_crossover)
2025-11-27 12:11:18,356 - backtesting.backtest_engine - INFO - Starting backtest for QuickTest
2025-11-27 12:11:18,377 - backtesting.backtest_engine - INFO - Backtest completed: 1.02% return, 4 trades
2025-11-27 09:19:52,601 - strategies.strategy_engine - INFO - Strategy created: QuickTest (ma_crossover)
2025-11-27 09:19:52,618 - backtesting.backtest_engine - INFO - Starting backtest for QuickTest
2025-11-27 09:19:52,634 - backtesting.backtest_engine - INFO - Backtest completed: 1.02% return, 4 trades
2025-11-27 09:20:10,373 - Main - INFO - Starting platform in development mode [main.py:101]
2025-11-27 09:20:10,373 - Main - INFO - Starting platform in development mode
2025-11-27 09:20:10,373 - Main - INFO - Running test suite... [main.py:203]
2025-11-27 09:20:10,373 - Main - INFO - Running test suite...
2025-11-27 09:20:10,432 - core.platform - INFO - Running in LITE MODE (SQLite, no Redis/InfluxDB)
2025-11-27 09:20:10,459 - config.settings - INFO - Configuration loaded from config\platform_config.yaml
2025-11-27 09:20:11,170 - database.data_manager - INFO - Lite mode: SQLite database initialized at data\sqlite\trading.db
2025-11-27 09:20:11,265 - core.platform - INFO - Trading Platform instance created
2025-11-27 09:20:11,265 - core.platform - INFO - Initializing Trading Platform...
2025-11-27 09:20:17,602 - data.mt5_connector - INFO - MT5 connected successfully
2025-11-27 09:20:17,729 - data.mt5_connector - INFO - Cached info for 9146 symbols
2025-11-27 09:20:17,743 - core.platform - INFO - MT5 connected successfully
2025-11-27 09:20:17,743 - core.platform - INFO - Trading Platform initialized successfully
2025-11-27 09:20:17,743 - core.platform - INFO - Shutting down Trading Platform...
2025-11-27 09:20:17,845 - data.mt5_connector - INFO - MT5 disconnected
2025-11-27 09:20:17,845 - core.platform - INFO - Trading Platform shut down successfully
2025-11-27 09:20:17,855 - strategies.strategy_engine - INFO - Strategy created: TestStrategy (ma_crossover)
2025-11-27 09:20:17,873 - strategies.strategy_engine - INFO - Strategy created: BacktestStrategy (ma_crossover)
2025-11-27 09:20:17,873 - backtesting.backtest_engine - INFO - Starting backtest for BacktestStrategy
2025-11-27 09:20:17,904 - backtesting.backtest_engine - INFO - Backtest completed: -0.62% return, 7 trades
2025-11-27 09:20:17,904 - strategies.strategy_engine - INFO - Strategy created: MA_Test (ma_crossover)
2025-11-27 09:20:17,939 - strategies.strategy_engine - INFO - Strategy created: RSI_Test (rsi)
2025-11-27 09:20:17,952 - strategies.strategy_engine - INFO - Strategy created: MACD_Test (macd)
2025-11-27 09:20:17,965 - strategies.strategy_engine - INFO - Strategy created: MetricsTest (ma_crossover)
2025-11-27 09:20:17,965 - backtesting.backtest_engine - INFO - Starting backtest for MetricsTest
2025-11-27 09:20:18,003 - backtesting.backtest_engine - INFO - Backtest completed: -0.20% return, 2 trades
2025-11-27 09:20:18,003 - strategies.strategy_engine - INFO - Strategy created: ErrorTest (ma_crossover)
2025-11-27 09:20:18,003 - strategies.strategy_engine - INFO - Strategy created: Test_ma_crossover (ma_crossover)
2025-11-27 09:20:18,003 - strategies.strategy_engine - INFO - Strategy created: Test_rsi (rsi)
2025-11-27 09:20:18,003 - strategies.strategy_engine - INFO - Strategy created: Test_macd (macd)
2025-11-27 09:20:18,084 - core.platform - INFO - Running in LITE MODE (SQLite, no Redis/InfluxDB)
2025-11-27 09:20:18,094 - config.settings - INFO - Configuration loaded from config\platform_config.yaml
2025-11-27 09:20:18,099 - database.data_manager - INFO - Lite mode: SQLite database initialized at data\sqlite\trading.db
2025-11-27 09:20:18,099 - core.platform - INFO - Trading Platform instance created
2025-11-27 09:20:18,100 - core.platform - INFO - Initializing Trading Platform...
2025-11-27 09:20:18,101 - data.mt5_connector - INFO - MT5 connected successfully
2025-11-27 09:20:18,265 - data.mt5_connector - INFO - Cached info for 9146 symbols
2025-11-27 09:20:18,287 - core.platform - INFO - MT5 connected successfully
2025-11-27 09:20:18,287 - core.platform - INFO - Trading Platform initialized successfully
2025-11-27 09:20:18,287 - strategies.strategy_engine - INFO - Strategy created: E2E_Test (ma_crossover)
2025-11-27 09:20:18,290 - backtesting.backtest_engine - INFO - Starting backtest for E2E_Test
2025-11-27 09:20:18,320 - backtesting.backtest_engine - INFO - Backtest completed: 0.00% return, 0 trades
2025-11-27 09:20:18,320 - core.platform - INFO - Shutting down Trading Platform...
2025-11-27 09:20:18,387 - data.mt5_connector - INFO - MT5 disconnected
2025-11-27 09:20:18,387 - core.platform - INFO - Trading Platform shut down successfully
2025-11-27 09:20:18,395 - strategies.strategy_engine - INFO - Strategy created: RiskIntegration (ma_crossover)
2025-11-27 09:20:52,505 - Main - INFO - Starting platform in development mode [main.py:101]
2025-11-27 09:20:52,505 - Main - INFO - Starting platform in development mode
2025-11-27 09:20:52,505 - Main - INFO - Running health check... [main.py:161]
2025-11-27 09:20:52,505 - Main - INFO - Running health check...
2025-11-27 09:20:52,505 - config.settings - INFO - Configuration loaded from config\platform_config.yaml
2025-11-27 09:20:52,815 - database.data_manager - INFO - Lite mode: SQLite database initialized at data\sqlite\trading.db
2025-11-27 09:20:52,815 - database.data_manager - INFO - InfluxDB not configured - skipping
2025-11-27 09:20:52,816 - database.data_manager - INFO - Redis not configured - using in-memory cache
2025-11-27 09:20:52,826 - core.platform - INFO - Trading Platform instance created
2025-11-27 09:20:52,827 - core.platform - INFO - Initializing Trading Platform...
2025-11-27 09:20:55,766 - data.mt5_connector - INFO - MT5 connected successfully
2025-11-27 09:20:55,924 - data.mt5_connector - INFO - Cached info for 9146 symbols
2025-11-27 09:20:55,946 - core.platform - INFO - MT5 connected successfully
2025-11-27 09:20:55,946 - core.platform - INFO - Trading Platform initialized successfully
2025-11-27 09:20:56,952 - core.platform - INFO - Shutting down Trading Platform...
2025-11-27 09:20:57,053 - data.mt5_connector - INFO - MT5 disconnected
2025-11-27 09:20:57,053 - core.platform - INFO - Trading Platform shut down successfully
2025-11-27 09:22:03,266 - Main - INFO - Starting platform in development mode [main.py:101]
2025-11-27 09:22:03,266 - Main - INFO - Starting platform in development mode
2025-11-27 09:22:03,266 - config.settings - INFO - Configuration loaded from config\platform_config.yaml
2025-11-27 09:22:03,599 - database.data_manager - INFO - Lite mode: SQLite database initialized at data\sqlite\trading.db
2025-11-27 09:22:03,599 - database.data_manager - INFO - InfluxDB not configured - skipping
2025-11-27 09:22:03,599 - database.data_manager - INFO - Redis not configured - using in-memory cache
2025-11-27 09:22:03,599 - core.platform - INFO - Trading Platform instance created
2025-11-27 09:22:03,599 - core.platform - INFO - Initializing Trading Platform...
2025-11-27 09:22:06,537 - data.mt5_connector - INFO - MT5 connected successfully
2025-11-27 09:22:06,651 - data.mt5_connector - INFO - Cached info for 9146 symbols
2025-11-27 09:22:06,674 - core.platform - INFO - MT5 connected successfully
2025-11-27 09:22:06,674 - core.platform - INFO - Trading Platform initialized successfully
2025-11-27 09:22:08,037 - Main - INFO - Running graphical interface... [main.py:249]
2025-11-27 09:22:08,037 - Main - INFO - Running graphical interface...
2025-11-27 09:22:08,277 - ui.main_window - INFO - PyQt6 not available, GUI disabled
2025-11-27 09:22:18,292 - core.platform - INFO - Shutting down Trading Platform...
2025-11-27 09:22:18,392 - data.mt5_connector - INFO - MT5 disconnected
2025-11-27 09:22:18,392 - core.platform - INFO - Trading Platform shut down successfully
2025-11-27 09:22:39,303 - Main - INFO - Starting platform in development mode [main.py:101]
2025-11-27 09:22:39,303 - Main - INFO - Starting platform in development mode
2025-11-27 09:22:39,303 - config.settings - INFO - Configuration loaded from config\platform_config.yaml
2025-11-27 09:22:39,608 - database.data_manager - INFO - Lite mode: SQLite database initialized at data\sqlite\trading.db
2025-11-27 09:22:39,608 - database.data_manager - INFO - InfluxDB not configured - skipping
2025-11-27 09:22:39,608 - database.data_manager - INFO - Redis not configured - using in-memory cache
2025-11-27 09:22:39,608 - core.platform - INFO - Trading Platform instance created
2025-11-27 09:22:39,608 - core.platform - INFO - Initializing Trading Platform...
2025-11-27 09:22:39,608 - data.mt5_connector - INFO - MT5 connected successfully
2025-11-27 09:22:39,775 - data.mt5_connector - INFO - Cached info for 9146 symbols
2025-11-27 09:22:39,788 - core.platform - INFO - MT5 connected successfully
2025-11-27 09:22:39,788 - core.platform - INFO - Trading Platform initialized successfully
2025-11-27 09:22:40,967 - Main - INFO - Running graphical interface... [main.py:249]
2025-11-27 09:22:40,967 - Main - INFO - Running graphical interface...
2025-11-27 09:22:41,002 - ui.main_window - INFO - PyQt6 not available, GUI disabled
2025-11-27 09:22:51,010 - core.platform - INFO - Shutting down Trading Platform...
2025-11-27 09:22:51,017 - data.mt5_connector - INFO - MT5 disconnected
2025-11-27 09:22:51,017 - core.platform - INFO - Trading Platform shut down successfully
2025-11-27 09:23:19,425 - Main - INFO - Starting platform in development mode [main.py:101]
2025-11-27 09:23:19,425 - Main - INFO - Starting platform in development mode
2025-11-27 09:23:19,425 - config.settings - INFO - Configuration loaded from config\platform_config.yaml
2025-11-27 09:23:19,736 - database.data_manager - INFO - Lite mode: SQLite database initialized at data\sqlite\trading.db
2025-11-27 09:23:19,736 - database.data_manager - INFO - InfluxDB not configured - skipping
2025-11-27 09:23:19,736 - database.data_manager - INFO - Redis not configured - using in-memory cache
2025-11-27 09:23:19,746 - core.platform - INFO - Trading Platform instance created
2025-11-27 09:23:19,746 - core.platform - INFO - Initializing Trading Platform...
2025-11-27 09:23:19,746 - data.mt5_connector - INFO - MT5 connected successfully
2025-11-27 09:23:19,863 - data.mt5_connector - INFO - Cached info for 9146 symbols
2025-11-27 09:23:19,874 - core.platform - INFO - MT5 connected successfully
2025-11-27 09:23:19,874 - core.platform - INFO - Trading Platform initialized successfully
2025-11-27 09:23:21,038 - Main - INFO - Running in headless mode... [main.py:246]
2025-11-27 09:23:21,038 - Main - INFO - Running in headless mode...
2025-11-27 09:23:21,040 - Main - INFO - Starting headless mode... [main.py:278]
2025-11-27 09:23:21,040 - Main - INFO - Starting headless mode...
2025-11-27 09:23:21,040 - Main - INFO - Press Ctrl+C to stop [main.py:279]
2025-11-27 09:23:21,040 - Main - INFO - Press Ctrl+C to stop
2025-11-27 09:23:48,019 - Main - INFO - Headless mode stopped by user [main.py:297]
2025-11-27 09:23:48,019 - Main - INFO - Headless mode stopped by user
2025-11-27 09:23:58,021 - core.platform - INFO - Shutting down Trading Platform...
2025-11-27 09:23:58,122 - data.mt5_connector - INFO - MT5 disconnected
2025-11-27 09:23:58,122 - core.platform - INFO - Trading Platform shut down successfully
2025-11-27 09:24:30,432 - Main - INFO - Starting platform in development mode [main.py:101]
2025-11-27 09:24:30,432 - Main - INFO - Starting platform in development mode
2025-11-27 09:24:30,432 - config.settings - INFO - Configuration loaded from config\platform_config.yaml
2025-11-27 09:24:30,715 - database.data_manager - INFO - Lite mode: SQLite database initialized at data\sqlite\trading.db
2025-11-27 09:24:30,715 - database.data_manager - INFO - InfluxDB not configured - skipping
2025-11-27 09:24:30,715 - database.data_manager - INFO - Redis not configured - using in-memory cache
2025-11-27 09:24:30,732 - core.platform - INFO - Trading Platform instance created
2025-11-27 09:24:30,732 - core.platform - INFO - Initializing Trading Platform...
2025-11-27 09:24:33,665 - data.mt5_connector - INFO - MT5 connected successfully
2025-11-27 09:24:33,803 - data.mt5_connector - INFO - Cached info for 9146 symbols
2025-11-27 09:24:33,821 - core.platform - INFO - MT5 connected successfully
2025-11-27 09:24:33,821 - core.platform - INFO - Trading Platform initialized successfully
2025-11-27 09:24:35,102 - Main - INFO - Running graphical interface... [main.py:249]
2025-11-27 09:24:35,102 - Main - INFO - Running graphical interface...
2025-11-27 09:24:35,118 - ui.main_window - INFO - PyQt6 not available, GUI disabled
2025-11-27 09:24:45,131 - core.platform - INFO - Shutting down Trading Platform...
2025-11-27 09:24:45,157 - data.mt5_connector - INFO - MT5 disconnected
2025-11-27 09:24:45,157 - core.platform - INFO - Trading Platform shut down successfully
2025-11-27 09:48:38,292 - Main - INFO - Starting platform in development mode [main.py:101]
2025-11-27 09:48:38,292 - Main - INFO - Starting platform in development mode
2025-11-27 09:48:38,307 - config.settings - INFO - Configuration loaded from config\platform_config.yaml
2025-11-27 09:48:38,698 - database.data_manager - INFO - Lite mode: SQLite database initialized at data\sqlite\trading.db
2025-11-27 09:48:38,698 - database.data_manager - INFO - InfluxDB not configured - skipping
2025-11-27 09:48:38,698 - database.data_manager - INFO - Redis not configured - using in-memory cache
2025-11-27 09:48:38,707 - core.platform - INFO - Trading Platform instance created
2025-11-27 09:48:38,707 - core.platform - INFO - Initializing Trading Platform...
2025-11-27 09:48:38,712 - data.mt5_connector - INFO - MT5 connected successfully
2025-11-27 09:48:38,881 - data.mt5_connector - INFO - Cached info for 9146 symbols
2025-11-27 09:48:38,881 - core.platform - INFO - MT5 connected successfully
2025-11-27 09:48:38,881 - core.platform - INFO - Trading Platform initialized successfully
2025-11-27 09:48:40,068 - Main - INFO - Running graphical interface... [main.py:249]
2025-11-27 09:48:40,068 - Main - INFO - Running graphical interface...
2025-11-27 09:49:08,127 - core.platform - INFO - Shutting down Trading Platform...
2025-11-27 09:49:08,135 - data.mt5_connector - INFO - MT5 disconnected
2025-11-27 09:49:08,135 - core.platform - INFO - Trading Platform shut down successfully
